

============================== 2022-08-23 01:25:40.348276 | 37ff9336-1204-4c3d-8366-b8643dcc765f ==============================
01:25:40.348276 [info ] [MainThread]: Running with dbt=1.0.6
01:25:40.349182 [debug] [MainThread]: running dbt with arguments Namespace(cls=<class 'dbt.task.init.InitTask'>, debug=None, defer=None, event_buffer_size=None, fail_fast=None, log_cache_events=False, log_format=None, partial_parse=None, printer_width=None, profile=None, profiles_dir='/home/spark/.dbt', project_dir=None, project_name=None, record_timing_info=None, rpc_method=None, send_anonymous_usage_stats=None, single_threaded=False, skip_profile_setup=False, state=None, static_parser=None, target=None, use_colors=None, use_experimental_parser=None, vars='{}', version_check=None, warn_error=None, which='init', write_json=None)
01:25:40.350134 [debug] [MainThread]: Tracking: tracking
01:25:40.358104 [debug] [MainThread]: Sending event: {'category': 'dbt', 'action': 'invocation', 'label': 'start', 'context': [<snowplow_tracker.self_describing_json.SelfDescribingJson object at 0x7f42d5f22d30>, <snowplow_tracker.self_describing_json.SelfDescribingJson object at 0x7f42d5f1a610>, <snowplow_tracker.self_describing_json.SelfDescribingJson object at 0x7f42d5f1a5e0>]}
01:29:56.553455 [debug] [MainThread]: Starter project path: /home/spark/.local/lib/python3.8/site-packages/dbt/include/starter_project
01:31:17.782429 [info ] [MainThread]: Profile dbt_analysis written to /home/spark/.dbt/profiles.yml using target's profile_template.yml and your supplied values. Run 'dbt debug' to validate the connection.
01:31:17.783228 [info ] [MainThread]: 
Your new dbt project "dbt_analysis" was created!

For more information on how to configure the profiles.yml file,
please consult the dbt documentation here:

  https://docs.getdbt.com/docs/configure-your-profile

One more thing:

Need help? Don't hesitate to reach out to us via GitHub issues or on Slack:

  https://community.getdbt.com/

Happy modeling!

01:31:17.783979 [debug] [MainThread]: Sending event: {'category': 'dbt', 'action': 'invocation', 'label': 'end', 'context': [<snowplow_tracker.self_describing_json.SelfDescribingJson object at 0x7f42d5f9e7c0>, <snowplow_tracker.self_describing_json.SelfDescribingJson object at 0x7f42d5f71cd0>, <snowplow_tracker.self_describing_json.SelfDescribingJson object at 0x7f42d5f71b20>]}


============================== 2022-08-23 02:02:03.308832 | 41f9a24c-35ba-4319-8070-e8a473a46a52 ==============================
02:02:03.308832 [info ] [MainThread]: Running with dbt=1.0.6
02:02:03.309587 [debug] [MainThread]: running dbt with arguments Namespace(cls=<class 'dbt.task.debug.DebugTask'>, config_dir=False, debug=None, defer=None, event_buffer_size=None, fail_fast=None, log_cache_events=False, log_format=None, partial_parse=None, printer_width=None, profile=None, profiles_dir='/home/spark/.dbt', project_dir=None, record_timing_info=None, rpc_method=None, send_anonymous_usage_stats=None, single_threaded=False, state=None, static_parser=None, target=None, use_colors=None, use_experimental_parser=None, vars='{}', version_check=None, warn_error=None, which='debug', write_json=None)
02:02:03.310142 [debug] [MainThread]: Tracking: tracking
02:02:03.316460 [debug] [MainThread]: Sending event: {'category': 'dbt', 'action': 'invocation', 'label': 'start', 'context': [<snowplow_tracker.self_describing_json.SelfDescribingJson object at 0x7fb7f3f92dc0>, <snowplow_tracker.self_describing_json.SelfDescribingJson object at 0x7fb7f3f85460>, <snowplow_tracker.self_describing_json.SelfDescribingJson object at 0x7fb7f3f85520>]}
02:02:03.739476 [debug] [MainThread]: Executing "git --help"
02:02:03.744006 [debug] [MainThread]: STDOUT: "b"usage: git [--version] [--help] [-C <path>] [-c <name>=<value>]\n           [--exec-path[=<path>]] [--html-path] [--man-path] [--info-path]\n           [-p | --paginate | -P | --no-pager] [--no-replace-objects] [--bare]\n           [--git-dir=<path>] [--work-tree=<path>] [--namespace=<name>]\n           <command> [<args>]\n\nThese are common Git commands used in various situations:\n\nstart a working area (see also: git help tutorial)\n   clone             Clone a repository into a new directory\n   init              Create an empty Git repository or reinitialize an existing one\n\nwork on the current change (see also: git help everyday)\n   add               Add file contents to the index\n   mv                Move or rename a file, a directory, or a symlink\n   restore           Restore working tree files\n   rm                Remove files from the working tree and from the index\n   sparse-checkout   Initialize and modify the sparse-checkout\n\nexamine the history and state (see also: git help revisions)\n   bisect            Use binary search to find the commit that introduced a bug\n   diff              Show changes between commits, commit and working tree, etc\n   grep              Print lines matching a pattern\n   log               Show commit logs\n   show              Show various types of objects\n   status            Show the working tree status\n\ngrow, mark and tweak your common history\n   branch            List, create, or delete branches\n   commit            Record changes to the repository\n   merge             Join two or more development histories together\n   rebase            Reapply commits on top of another base tip\n   reset             Reset current HEAD to the specified state\n   switch            Switch branches\n   tag               Create, list, delete or verify a tag object signed with GPG\n\ncollaborate (see also: git help workflows)\n   fetch             Download objects and refs from another repository\n   pull              Fetch from and integrate with another repository or a local branch\n   push              Update remote refs along with associated objects\n\n'git help -a' and 'git help -g' list available subcommands and some\nconcept guides. See 'git help <command>' or 'git help <concept>'\nto read about a specific subcommand or concept.\nSee 'git help git' for an overview of the system.\n""
02:02:03.744962 [debug] [MainThread]: STDERR: "b''"
02:02:03.745775 [debug] [MainThread]: Sending event: {'category': 'dbt', 'action': 'invocation', 'label': 'end', 'context': [<snowplow_tracker.self_describing_json.SelfDescribingJson object at 0x7fb7f3f85550>, <snowplow_tracker.self_describing_json.SelfDescribingJson object at 0x7fb7d32d00a0>, <snowplow_tracker.self_describing_json.SelfDescribingJson object at 0x7fb7d32d08b0>]}
